<?xml version="1.0" encoding="UTF-8"?>
<testng-results skipped="0" failed="0" ignored="0" total="0" passed="0">
  <reporter-output>
  </reporter-output>
  <suite name="qa.edureka.AppTest" duration-ms="24" started-at="2019-06-05T11:09:36Z" finished-at="2019-06-05T11:09:36Z">
    <groups>
    </groups>
    <test name="Command line test" duration-ms="24" started-at="2019-06-05T11:09:36Z" finished-at="2019-06-05T11:09:36Z">
    </test> <!-- Command line test -->
  </suite> <!-- qa.edureka.AppTest -->
</testng-results>
